{
  "RSpec": {
    "coverage": {
      "/Users/brittanymartin/projects/katerspotaters/Blocipedia/app/controllers/charges_controller.rb": [
        1,
        1,
        1,
        null,
        null,
        1,
        0,
        null,
        null,
        null,
        null,
        null,
        null,
        null,
        1,
        1,
        null,
        null,
        null,
        null,
        1,
        null,
        null,
        null,
        null,
        null,
        null,
        1,
        1,
        1,
        null,
        null,
        0,
        0,
        null,
        null,
        1,
        2,
        1,
        1,
        null,
        null,
        null,
        null,
        null,
        null
      ],
      "/Users/brittanymartin/projects/katerspotaters/Blocipedia/app/controllers/application_controller.rb": [
        1,
        1,
        null,
        null,
        1,
        null
      ],
      "/Users/brittanymartin/projects/katerspotaters/Blocipedia/spec/controllers/wiki_controller_spec.rb": [
        1,
        null,
        1,
        20,
        12,
        1,
        19,
        null,
        null,
        1,
        null,
        1,
        1,
        1,
        null,
        1,
        1,
        1,
        null,
        1,
        1,
        1,
        null,
        null,
        null,
        1,
        1,
        1,
        1,
        null,
        1,
        1,
        1,
        null,
        1,
        1,
        1,
        null,
        null,
        null,
        1,
        1,
        1,
        1,
        null,
        1,
        1,
        1,
        null,
        null,
        1,
        1,
        1,
        1,
        1,
        1,
        null,
        null,
        null,
        1,
        1,
        1,
        1,
        2,
        null,
        1,
        1,
        1,
        1,
        1,
        null,
        1,
        1,
        null,
        null,
        null,
        1,
        1,
        1,
        1,
        1,
        null,
        1,
        1,
        1,
        null,
        null,
        null,
        1,
        1,
        1,
        1,
        null,
        1,
        1,
        1,
        null,
        1,
        1,
        1,
        null,
        null,
        null,
        1,
        1,
        2,
        null,
        1,
        1,
        1,
        null,
        1,
        1,
        1,
        null,
        null,
        null
      ],
      "/Users/brittanymartin/projects/katerspotaters/Blocipedia/app/controllers/wikis_controller.rb": [
        1,
        null,
        1,
        null,
        1,
        3,
        null,
        null,
        1,
        3,
        null,
        null,
        1,
        3,
        null,
        null,
        1,
        2,
        2,
        2,
        2,
        null,
        0,
        0,
        null,
        null,
        null,
        1,
        2,
        null,
        2,
        2,
        null,
        0,
        0,
        null,
        null,
        null,
        1,
        3,
        null,
        null,
        1,
        3,
        3,
        3,
        3,
        null,
        0,
        0,
        null,
        null,
        null,
        1,
        null,
        1,
        0,
        0,
        null,
        null,
        1,
        5,
        null,
        null,
        null
      ],
      "/Users/brittanymartin/projects/katerspotaters/Blocipedia/spec/mailers/favorite_mailer_spec.rb": [
        1,
        null,
        1,
        null
      ],
      "/Users/brittanymartin/projects/katerspotaters/Blocipedia/app/mailers/favorite_mailer.rb": [
        1,
        1,
        null
      ],
      "/Users/brittanymartin/projects/katerspotaters/Blocipedia/app/mailers/application_mailer.rb": [
        1,
        1,
        1,
        null
      ],
      "/Users/brittanymartin/projects/katerspotaters/Blocipedia/spec/models/role_spec.rb": [
        1,
        null,
        1,
        null
      ],
      "/Users/brittanymartin/projects/katerspotaters/Blocipedia/app/models/role.rb": [
        1,
        1,
        null,
        1,
        null,
        null,
        1,
        null,
        null,
        null,
        1,
        null
      ],
      "/Users/brittanymartin/projects/katerspotaters/Blocipedia/spec/models/user_spec.rb": [
        1,
        null,
        1,
        2,
        null,
        2,
        2,
        2,
        null,
        2,
        2,
        null,
        1,
        1,
        1,
        null,
        null,
        null,
        1,
        2,
        2,
        null,
        1,
        1,
        null,
        null,
        1,
        1,
        null,
        null,
        null,
        null
      ],
      "/Users/brittanymartin/projects/katerspotaters/Blocipedia/spec/models/wiki_spec.rb": [
        1,
        null,
        null,
        null,
        null,
        null,
        null,
        null,
        null,
        null,
        null,
        null,
        1,
        2,
        null,
        1,
        1,
        1,
        null,
        null,
        null,
        1,
        3,
        2,
        2,
        1,
        1,
        null,
        null,
        null,
        null
      ],
      "/Users/brittanymartin/projects/katerspotaters/Blocipedia/app/models/wiki.rb": [
        1,
        1,
        null
      ],
      "/Users/brittanymartin/projects/katerspotaters/Blocipedia/spec/policies/wiki_policy_spec.rb": [

      ]
    },
    "timestamp": 1460923007
  }
}
